<?xml version="1.0" encoding="UTF-8"?>
<testng-results ignored="4" total="6" passed="2" failed="0" skipped="0">
  <reporter-output>
  </reporter-output>
  <suite started-at="2021-08-29T19:27:19 IST" name="Suite" finished-at="2021-08-29T19:27:19 IST" duration-ms="53">
    <groups>
      <group name="somke">
        <method signature="AttributeGroupTest.OpenBrowser()[pri:0, instance:com.org.test3.AttributeGroupTest@6dbb137d]" name="OpenBrowser" class="com.org.test3.AttributeGroupTest"/>
      </group> <!-- somke -->
      <group name="regression">
        <method signature="AttributeGroupTest.CleanupDataBase()[pri:0, instance:com.org.test3.AttributeGroupTest@6dbb137d]" name="CleanupDataBase" class="com.org.test3.AttributeGroupTest"/>
        <method signature="AttributeGroupTest.OpenBrowser()[pri:0, instance:com.org.test3.AttributeGroupTest@6dbb137d]" name="OpenBrowser" class="com.org.test3.AttributeGroupTest"/>
      </group> <!-- regression -->
    </groups>
    <test started-at="2021-08-29T19:27:19 IST" name="Test" finished-at="2021-08-29T19:27:19 IST" duration-ms="53">
      <class name="com.org.test3.AttributeGroupTest">
        <test-method signature="CleanupDataBase()[pri:0, instance:com.org.test3.AttributeGroupTest@6dbb137d]" started-at="2021-08-29T19:27:19 IST" name="CleanupDataBase" description="cleaning database" finished-at="2021-08-29T19:27:19 IST" duration-ms="8" status="PASS">
          <reporter-output>
          </reporter-output>
        </test-method> <!-- CleanupDataBase -->
        <test-method signature="OpenBrowser()[pri:0, instance:com.org.test3.AttributeGroupTest@6dbb137d]" started-at="2021-08-29T19:27:19 IST" name="OpenBrowser" finished-at="2021-08-29T19:27:19 IST" duration-ms="1" status="PASS">
          <reporter-output>
          </reporter-output>
        </test-method> <!-- OpenBrowser -->
      </class> <!-- com.org.test3.AttributeGroupTest -->
    </test> <!-- Test -->
  </suite> <!-- Suite -->
</testng-results>
