<?xml version="1.0" encoding="UTF-8"?>
<!-- Generated by org.testng.reporters.JUnitXMLReporter -->
<testsuite ignored="1" hostname="AyushRaj" failures="0" tests="3" name="Default test" time="0.057" errors="0" timestamp="2021-08-29T21:56:29 IST">
  <testcase classname="com.org.WebsiteTesting" name="login" time="0.004"/>
  <testcase classname="com.org.WebsiteTesting" name="login" time="0.001"/>
  <testcase classname="com.org.WebsiteTesting" name="login" time="0.001"/>
  <testcase classname="com.org.WebsiteTesting" name="display" time="0.0">
    <ignored/>
  </testcase> <!-- display -->
</testsuite> <!-- Default test -->
