<?xml version="1.0" encoding="UTF-8"?>
<!-- Generated by org.testng.reporters.JUnitXMLReporter -->
<testsuite ignored="3" hostname="AyushRaj" failures="1" tests="1" name="windowstest" time="0.051" errors="0" timestamp="2021-08-29T20:26:13 IST">
  <testcase classname="com.org.SampleTest3" name="Test2" time="0.009">
    <failure type="java.lang.AssertionError" message="expected [true] but found [false]">
      <![CDATA[java.lang.AssertionError: expected [true] but found [false]
at com.org.SampleTest3.Test2(SampleTest3.java:20)
at java.base/java.util.ArrayList.forEach(ArrayList.java:1511)
... Removed 31 stack frames]]>
    </failure>
  </testcase> <!-- Test2 -->
  <testcase classname="com.org.SampleTest3" name="Test1" time="0.0">
    <ignored/>
  </testcase> <!-- Test1 -->
  <testcase classname="com.org.SampleTest3" name="macTest2" time="0.0">
    <ignored/>
  </testcase> <!-- macTest2 -->
  <testcase classname="com.org.SampleTest3" name="Test3" time="0.0">
    <ignored/>
  </testcase> <!-- Test3 -->
</testsuite> <!-- windowstest -->
