<?xml version="1.0" encoding="UTF-8"?>
<!-- Generated by org.testng.reporters.JUnitXMLReporter -->
<testsuite ignored="0" hostname="AyushRaj" failures="0" tests="4" name="Test" time="3.066" errors="0" timestamp="2021-08-29T22:50:46 IST">
  <testcase classname="com.org.SampleTestParalleTest" name="windowslogin" time="2.005"/>
  <testcase classname="com.org.SampleTestParalleTest" name="linkuscheckout" time="2.011"/>
  <testcase classname="com.org.SampleTestParalleTest" name="maclogin" time="3.021"/>
  <testcase classname="com.org.SampleTestParalleTest" name="windowscheckout" time="1.009"/>
</testsuite> <!-- Test -->
