<?xml version="1.0" encoding="UTF-8"?>
<!-- Generated by org.testng.reporters.JUnitXMLReporter -->
<testsuite ignored="0" hostname="AyushRaj" failures="0" tests="4" name="TestParallel2" time="5.078" errors="0" timestamp="2021-08-29T23:14:03 IST">
  <testcase classname="com.org.SampleTestParalleTest" name="linkuscheckout" time="2.006"/>
  <testcase classname="com.org.SampleTestParalleTest" name="maclogin" time="3.005"/>
  <testcase classname="com.org.SampleTestParalleTest" name="windowslogin" time="2.015"/>
  <testcase classname="com.org.SampleTestParalleTest" name="windowscheckout" time="1.005"/>
</testsuite> <!-- TestParallel2 -->
