<?xml version="1.0" encoding="UTF-8"?>
<!-- Generated by org.testng.reporters.JUnitXMLReporter -->
<testsuite ignored="0" hostname="AyushRaj" failures="0" tests="3" name="Test2" time="0.017" errors="0" timestamp="2021-08-28T20:07:04 IST">
  <testcase classname="com.org.test2.CalcLibTestNg" name="test1" time="0.001"/>
  <testcase classname="com.org.test2.CalcLibTestNg" name="test2" time="0.001"/>
  <testcase classname="com.org.test2.CalcLinTestNg2" name="myfristNewcase" time="0.001"/>
</testsuite> <!-- Test2 -->
