<?xml version="1.0" encoding="UTF-8"?>
<!-- Generated by org.testng.reporters.JUnitXMLReporter -->
<testsuite ignored="4" hostname="AyushRaj" failures="0" tests="2" name="Test" time="0.053" errors="0" timestamp="2021-08-29T19:27:19 IST">
  <testcase classname="com.org.test3.AttributeGroupTest" name="CleanupDataBase" time="0.008"/>
  <testcase classname="com.org.test3.AttributeGroupTest" name="OpenBrowser" time="0.001"/>
  <testcase classname="com.org.test3.AttributeGroupTest" name="FetchUserDetails" time="0.0">
    <ignored/>
  </testcase> <!-- FetchUserDetails -->
  <testcase classname="com.org.test3.AttributeGroupTest" name="Checkout" time="0.0">
    <ignored/>
  </testcase> <!-- Checkout -->
  <testcase classname="com.org.test3.AttributeGroupTest" name="LoginPage" time="0.0">
    <ignored/>
  </testcase> <!-- LoginPage -->
  <testcase classname="com.org.test3.AttributeGroupTest" name="AddtoCart" time="0.0">
    <ignored/>
  </testcase> <!-- AddtoCart -->
</testsuite> <!-- Test -->
